<?xml version="1.0" encoding="UTF-8"?>
<!-- Generated by org.testng.reporters.JUnitReportReporter -->
<testsuite hostname="M6500A" name="com.uc.test.selenium.tests.Test_Login" tests="1" failures="0" timestamp="23 Jun 2018 07:51:40 GMT" time="13.675" errors="0">
  <testcase name="test_createArticle" time="13.675" classname="com.uc.test.selenium.tests.Test_Login"/>
</testsuite> <!-- com.uc.test.selenium.tests.Test_Login -->
